<?xml version="1.0" encoding="UTF-8"?>
<!-- Generated by org.testng.reporters.JUnitReportReporter -->
<testsuite hostname="Noha" failures="0" tests="2" name="sitePackage.SiteTestCases" time="8.221" errors="0" timestamp="2022-03-19T15:02:01 EET" skipped="0">
  <testcase classname="sitePackage.SiteTestCases" name="assertAppPageTitleIsCorrect" time="4.219"/>
  <system-out/>
  <testcase classname="sitePackage.SiteTestCases" name="assertEducationPageTitleIsCorrect" time="4.002"/>
  <system-out/>
</testsuite> <!-- sitePackage.SiteTestCases -->
